<?xml version="1.0" encoding="UTF-8"?>
<!-- Generated by org.testng.reporters.JUnitReportReporter -->
<testsuite hostname="TL189" name="com.tnf.unsdg.qa.tests.UnsdgHomePageTest" tests="1" failures="0" timestamp="1 Apr 2019 13:55:13 GMT" time="15.252" errors="0">
  <testcase name="test_Upload_Curated_Content_link" time="15.252" classname="com.tnf.unsdg.qa.tests.UnsdgHomePageTest"/>
</testsuite> <!-- com.tnf.unsdg.qa.tests.UnsdgHomePageTest -->
