<?xml version="1.0" encoding="UTF-8"?>
<!-- Generated by org.testng.reporters.JUnitReportReporter -->
<testsuite hostname="TL189" name="com.tnf.ubx.qa.tests.UbxSearchSubCategoryPageTest" tests="1" failures="0" timestamp="9 Apr 2019 05:59:47 GMT" time="98.219" errors="0">
  <testcase name="test_click_on_all_subResult_Container" time="98.219" classname="com.tnf.ubx.qa.tests.UbxSearchSubCategoryPageTest"/>
</testsuite> <!-- com.tnf.ubx.qa.tests.UbxSearchSubCategoryPageTest -->
