<?xml version="1.0" encoding="UTF-8"?>
<!-- Generated by org.testng.reporters.JUnitReportReporter -->
<testsuite hostname="TL189" name="com.tnf.unsdg.qa.tests.UnsdgLoginPageTest" tests="1" failures="0" timestamp="1 Apr 2019 09:54:28 GMT" time="14.326" errors="0">
  <testcase name="test_Home_Page_Appear_Correct" time="14.326" classname="com.tnf.unsdg.qa.tests.UnsdgLoginPageTest"/>
</testsuite> <!-- com.tnf.unsdg.qa.tests.UnsdgLoginPageTest -->
