<?xml version="1.0" encoding="UTF-8"?>
<!-- Generated by org.testng.reporters.JUnitReportReporter -->
<testsuite hostname="TL189" name="com.tnf.ubx.qa.tests.UbxHomePageTest" tests="2" failures="0" timestamp="11 Apr 2019 11:56:49 GMT" time="28.961" errors="0">
  <testcase name="test_searchItem" time="14.755" classname="com.tnf.ubx.qa.tests.UbxHomePageTest"/>
  <testcase name="test_search_title" time="14.206" classname="com.tnf.ubx.qa.tests.UbxHomePageTest"/>
</testsuite> <!-- com.tnf.ubx.qa.tests.UbxHomePageTest -->
