<?xml version="1.0" encoding="UTF-8"?>
<!-- Generated by org.testng.reporters.JUnitReportReporter -->
<testsuite hostname="TL189" name="com.tnf.ubx.qa.tests.UbxSearchPageTest" tests="1" failures="0" timestamp="11 Apr 2019 11:13:31 GMT" time="145.017" errors="0">
  <testcase name="test_click_on_all_element" time="145.017" classname="com.tnf.ubx.qa.tests.UbxSearchPageTest"/>
</testsuite> <!-- com.tnf.ubx.qa.tests.UbxSearchPageTest -->
