<?xml version="1.0" encoding="UTF-8"?>
<!-- Generated by org.testng.reporters.JUnitReportReporter -->
<testsuite hostname="TL189" name="com.tnf.ubx.api.qa.test.GetAPITest" tests="1" failures="0" timestamp="9 Apr 2019 10:46:06 GMT" time="2.088" errors="0">
  <testcase name="getAPITest" time="2.088" classname="com.tnf.ubx.api.qa.test.GetAPITest"/>
</testsuite> <!-- com.tnf.ubx.api.qa.test.GetAPITest -->
